Server running on port 8080
18/Sep/2025 04:56:37 - "GET / HTTP/1.1" 200 -
18/Sep/2025 04:56:38 - code 404, message File not found
18/Sep/2025 04:56:38 - "GET /favicon.ico HTTP/1.1" 404 -
Server running on port 8080
18/Sep/2025 05:04:49 - "GET / HTTP/1.1" 200 -
Server running on port 8080
Server running on port 8080
Server running on port 8080
18/Sep/2025 06:13:54 - "GET / HTTP/1.1" 200 -
18/Sep/2025 06:13:54 - code 404, message File not found
18/Sep/2025 06:13:54 - "GET /favicon.ico HTTP/1.1" 404 -
18/Sep/2025 06:14:03 - "GET /share.html HTTP/1.1" 200 -
18/Sep/2025 06:14:03 - code 404, message File not found
18/Sep/2025 06:14:03 - "GET /favicon.ico HTTP/1.1" 404 -
18/Sep/2025 06:18:48 - "GET / HTTP/1.1" 200 -
18/Sep/2025 06:18:48 - code 404, message File not found
18/Sep/2025 06:18:48 - "GET /favicon.ico HTTP/1.1" 404 -
18/Sep/2025 06:24:21 - "GET / HTTP/1.1" 200 -
18/Sep/2025 06:24:22 - code 404, message File not found
18/Sep/2025 06:24:22 - "GET /favicon.ico HTTP/1.1" 404 -
18/Sep/2025 06:33:27 - "GET / HTTP/1.1" 200 -
18/Sep/2025 06:33:28 - code 404, message File not found
18/Sep/2025 06:33:28 - "GET /favicon.ico HTTP/1.1" 404 -
18/Sep/2025 06:39:33 - "GET / HTTP/1.1" 200 -
18/Sep/2025 06:39:34 - code 404, message File not found
18/Sep/2025 06:39:34 - "GET /favicon.ico HTTP/1.1" 404 -
18/Sep/2025 06:47:29 - "GET / HTTP/1.1" 200 -
18/Sep/2025 06:47:30 - code 404, message File not found
18/Sep/2025 06:47:30 - "GET /favicon.ico HTTP/1.1" 404 -
18/Sep/2025 06:54:06 - "GET / HTTP/1.1" 200 -
18/Sep/2025 06:54:07 - code 404, message File not found
18/Sep/2025 06:54:07 - "GET /favicon.ico HTTP/1.1" 404 -
18/Sep/2025 06:59:23 - "GET / HTTP/1.1" 200 -
18/Sep/2025 06:59:23 - code 404, message File not found
18/Sep/2025 06:59:23 - "GET /favicon.ico HTTP/1.1" 404 -
Server running on port 8080
Server running at http://0.0.0.0:8081/
Server running at http://0.0.0.0:8081/
